<?xml version="1.0" encoding="UTF-8"?>
<testsuite xmlns:xsi="http://www.w3.org/2001/XMLSchema-instance" xsi:noNamespaceSchemaLocation="https://maven.apache.org/surefire/maven-surefire-plugin/xsd/surefire-test-report-3.0.xsd" version="3.0" name="com.svinstvo.og.portal.RegistrationFlowTest" time="0.651" tests="7" errors="0" skipped="0" failures="0">
  <properties>
[...]
</properties>
  <testcase name="duplicateUsernameShowsError" classname="com.svinstvo.og.portal.RegistrationFlowTest" time="0.095">
    <system-out><![CDATA[2026-06-25T09:57:13.755+02:00  INFO 3005 --- [           main] t.c.s.AnnotationConfigContextLoaderUtils : Could not detect default configuration classes for test class [com.svinstvo.og.portal.RegistrationFlowTest]: RegistrationFlowTest does not declare any static, non-private, non-final, nested classes annotated with @Configuration.
2026-06-25T09:57:13.756+02:00  INFO 3005 --- [           main] .b.t.c.SpringBootTestContextBootstrapper : Found @SpringBootConfiguration com.svinstvo.og.portal.AuthPortalApplication for test class com.svinstvo.og.portal.RegistrationFlowTest
]]></system-out>
  </testcase>
  <testcase name="registerFormLoads" classname="com.svinstvo.og.portal.RegistrationFlowTest" time="0.007"/>
  <testcase name="wrongTotpCodeDuringSetupShowsError" classname="com.svinstvo.og.portal.RegistrationFlowTest" time="0.084"/>
  <testcase name="correctTotpCodeCompletesTotpSetup" classname="com.svinstvo.og.portal.RegistrationFlowTest" time="0.086"/>
  <testcase name="successfulRegistrationRedirectsToTotpSetup" classname="com.svinstvo.og.portal.RegistrationFlowTest" time="0.079"/>
  <testcase name="qrEndpointReturnsPng" classname="com.svinstvo.og.portal.RegistrationFlowTest" time="0.205"/>
  <testcase name="totpSetupPageRendersQrImage" classname="com.svinstvo.og.portal.RegistrationFlowTest" time="0.088"/>
</testsuite>