<?xml version="1.0" encoding="UTF-8"?>
<testsuite xmlns:xsi="http://www.w3.org/2001/XMLSchema-instance" xsi:noNamespaceSchemaLocation="https://maven.apache.org/surefire/maven-surefire-plugin/xsd/surefire-test-report-3.0.xsd" version="3.0" name="com.svinstvo.og.portal.WebAuthnFlowTest" time="3.49" tests="7" errors="0" skipped="0" failures="0">
  <properties>
[...]
</properties>
  <testcase name="assertionFinishWithoutStartReturnsBadRequest" classname="com.svinstvo.og.portal.WebAuthnFlowTest" time="0.727">
    <system-out><![CDATA[09:57:09.576 [main] INFO org.springframework.test.context.support.AnnotationConfigContextLoaderUtils -- Could not detect default configuration classes for test class [com.svinstvo.og.portal.WebAuthnFlowTest]: WebAuthnFlowTest does not declare any static, non-private, non-final, nested classes annotated with @Configuration.
09:57:09.638 [main] INFO org.springframework.boot.test.context.SpringBootTestContextBootstrapper -- Found @SpringBootConfiguration com.svinstvo.og.portal.AuthPortalApplication for test class com.svinstvo.og.portal.WebAuthnFlowTest

  .   ____          _            __ _ _
 /\\ / ___'_ __ _ _(_)_ __  __ _ \ \ \ \
( ( )\___ | '_ | '_| | '_ \/ _` | \ \ \ \
 \\/  ___)| |_)| | | | | || (_| |  ) ) ) )
  '  |____| .__|_| |_|_| |_\__, | / / / /
 =========|_|==============|___/=/_/_/_/
 :: Spring Boot ::                (v3.2.0)

2026-06-25T09:57:09.842+02:00  INFO 3005 --- [           main] c.svinstvo.og.portal.WebAuthnFlowTest    : Starting WebAuthnFlowTest using Java 26.0.1 with PID 3005 (started by maksym.koval in /Users/maksym.koval/code/auth-portal)
2026-06-25T09:57:09.842+02:00  INFO 3005 --- [           main] c.svinstvo.og.portal.WebAuthnFlowTest    : The following 1 profile is active: "test"
2026-06-25T09:57:10.229+02:00  INFO 3005 --- [           main] .s.d.r.c.RepositoryConfigurationDelegate : Bootstrapping Spring Data JPA repositories in DEFAULT mode.
2026-06-25T09:57:10.268+02:00  INFO 3005 --- [           main] .s.d.r.c.RepositoryConfigurationDelegate : Finished Spring Data repository scanning in 35 ms. Found 3 JPA repository interfaces.
2026-06-25T09:57:10.494+02:00  INFO 3005 --- [           main] o.hibernate.jpa.internal.util.LogHelper  : HHH000204: Processing PersistenceUnitInfo [name: default]
2026-06-25T09:57:10.520+02:00  INFO 3005 --- [           main] org.hibernate.Version                    : HHH000412: Hibernate ORM core version 6.3.1.Final
2026-06-25T09:57:10.534+02:00  INFO 3005 --- [           main] o.h.c.internal.RegionFactoryInitiator    : HHH000026: Second-level cache disabled
2026-06-25T09:57:10.654+02:00  INFO 3005 --- [           main] o.s.o.j.p.SpringPersistenceUnitInfo      : No LoadTimeWeaver setup: ignoring JPA class transformer
2026-06-25T09:57:10.665+02:00  INFO 3005 --- [           main] com.zaxxer.hikari.HikariDataSource       : HikariPool-1 - Starting...
2026-06-25T09:57:10.769+02:00  INFO 3005 --- [           main] com.zaxxer.hikari.pool.HikariPool        : HikariPool-1 - Added connection conn0: url=jdbc:h2:mem:testdb user=SA
2026-06-25T09:57:10.770+02:00  INFO 3005 --- [           main] com.zaxxer.hikari.HikariDataSource       : HikariPool-1 - Start completed.
2026-06-25T09:57:10.781+02:00  WARN 3005 --- [           main] org.hibernate.orm.deprecation            : HHH90000025: H2Dialect does not need to be specified explicitly using 'hibernate.dialect' (remove the property setting and it will be selected by default)
2026-06-25T09:57:11.149+02:00  INFO 3005 --- [           main] o.h.e.t.j.p.i.JtaPlatformInitiator       : HHH000489: No JTA platform available (set 'hibernate.transaction.jta.platform' to enable JTA platform integration)
2026-06-25T09:57:11.173+02:00  INFO 3005 --- [           main] j.LocalContainerEntityManagerFactoryBean : Initialized JPA EntityManagerFactory for persistence unit 'default'
2026-06-25T09:57:11.447+02:00  WARN 3005 --- [           main] JpaBaseConfiguration$JpaWebConfiguration : spring.jpa.open-in-view is enabled by default. Therefore, database queries may be performed during view rendering. Explicitly configure spring.jpa.open-in-view to disable this warning
2026-06-25T09:57:11.602+02:00  INFO 3005 --- [           main] o.s.s.web.DefaultSecurityFilterChain     : Will secure any request with [org.springframework.security.web.session.DisableEncodeUrlFilter@1ebb36df, org.springframework.security.web.context.request.async.WebAsyncManagerIntegrationFilter@1f4de96e, org.springframework.security.web.context.SecurityContextHolderFilter@2786b644, org.springframework.security.web.header.HeaderWriterFilter@16a14076, org.springframework.web.filter.CorsFilter@46c61d1, org.springframework.security.web.csrf.CsrfFilter@4f8641d1, org.springframework.security.web.authentication.logout.LogoutFilter@e356940, org.springframework.security.web.authentication.UsernamePasswordAuthenticationFilter@b8c6406, org.springframework.security.web.savedrequest.RequestCacheAwareFilter@17d83fe4, org.springframework.security.web.servletapi.SecurityContextHolderAwareRequestFilter@7d76d72a, org.springframework.security.web.authentication.AnonymousAuthenticationFilter@c194c4e, org.springframework.security.web.access.ExceptionTranslationFilter@4769e70c, org.springframework.security.web.access.intercept.AuthorizationFilter@22a8e87b]
2026-06-25T09:57:11.776+02:00  INFO 3005 --- [           main] o.s.b.t.m.w.SpringBootMockServletContext : Initializing Spring TestDispatcherServlet ''
2026-06-25T09:57:11.777+02:00  INFO 3005 --- [           main] o.s.t.web.servlet.TestDispatcherServlet  : Initializing Servlet ''
2026-06-25T09:57:11.778+02:00  INFO 3005 --- [           main] o.s.t.web.servlet.TestDispatcherServlet  : Completed initialization in 1 ms
2026-06-25T09:57:11.788+02:00  INFO 3005 --- [           main] c.svinstvo.og.portal.WebAuthnFlowTest    : Started WebAuthnFlowTest in 2.087 seconds (process running for 2.628)
2026-06-25T09:57:12.320+02:00  WARN 3005 --- [           main] o.s.w.s.h.HandlerMappingIntrospector     : Cache miss for REQUEST dispatch to '/login' (previous null). Performing CorsConfiguration lookup. This is logged once only at WARN level, and every time at TRACE.
]]></system-out>
    <system-err><![CDATA[WARNING: A Java agent has been loaded dynamically (/Users/maksym.koval/.m2/repository/net/bytebuddy/byte-buddy-agent/1.14.10/byte-buddy-agent-1.14.10.jar)
WARNING: If a serviceability tool is in use, please run with -XX:+EnableDynamicAgentLoading to hide this warning
WARNING: If a serviceability tool is not in use, please run with -Djdk.instrument.traceUsage for more information
WARNING: Dynamic loading of agents will be disallowed by default in a future release
]]></system-err>
  </testcase>
  <testcase name="registrationFinishWithMalformedBodyReturnsBadRequest" classname="com.svinstvo.og.portal.WebAuthnFlowTest" time="0.147"/>
  <testcase name="assertionStartReturnsJsonChallenge" classname="com.svinstvo.og.portal.WebAuthnFlowTest" time="0.116"/>
  <testcase name="assertionFinishWithMalformedBodyReturnsBadRequest" classname="com.svinstvo.og.portal.WebAuthnFlowTest" time="0.092"/>
  <testcase name="registrationStartReturnsJsonChallenge" classname="com.svinstvo.og.portal.WebAuthnFlowTest" time="0.091"/>
  <testcase name="registrationStartRequiresPreAuth" classname="com.svinstvo.og.portal.WebAuthnFlowTest" time="0.007"/>
  <testcase name="assertionStartRequiresPreAuth" classname="com.svinstvo.og.portal.WebAuthnFlowTest" time="0.006"/>
</testsuite>